
Mon Dec 26 14:23:27 UTC 2022  /live/etc/init.d/live-usb-save
live-usb-save: Restore state information

Mon Dec 26 14:23:27 UTC 2022  /live/etc/init.d/live-L10n
live-L10n: コンソールとタイムゾーンの地域化
  タイムゾーンと現地時間を Asia/Tokyo に設定
  ロケールを ja_JP.UTF-8 に設定

Mon Dec 26 23:23:27 JST 2022  /live/etc/init.d/live-init
live-init: Localizing/configuring X-Windows
  Load microcode
  Possibly adding swap partitions to fstab
  Localizing source repos using Asia/Tokyo
  Setting xkb-layout to jp
  Setting xkb-model to pc105
  Setting xkb-variant to 
  Setting xkb-options to grp:rctrl_rshift_toggle,terminate:ctrl_alt_bksp,grp_led:scroll
  CONSOLE KEYMAP: /etc/default/keyboard
  Scanning for hardware specific video modules ...
  Found KMS video module(s) i915
  Found default user demo
  Populating /home/demo directory

Mon Dec 26 23:27:07 JST 2022  /live/etc/init.d/persist-autosave
antiX Root Persistence Auto-Save Configuration

It looks like root persistence was just enabled.
Please set the save-mode for root persistence.
You will only have to do this once.

You can change your choice later with persist-config.
Press <Enter> to Continue 
antiX Root Persistence Auto-Save Configuration

Please choose auto-save mode.

There is no current auto-save mode.  The default is: Semi-Automatic.

      Automatic: save on shutdown/reboot automatically.  No asking.   
 Semi-Automatic: ask to save on shutdown/reboot.   
         Manual: only save changes manually (you snooze, you lose).   
           Quit: use current default.   
    1) Automatic
    2) Semi-Automatic
    3) Manual
    4) Quit

Enter a number > 
------------------------------------------------
Your selection was empty.
------------------------------------------------
Press <Enter> to Continue
    1) Automatic
    2) Semi-Automatic
    3) Manual
    4) Quit

Enter a number > 
antiX Root Persistence Auto-Save Configuration

Auto-save mode set to 1 Automatic in /etc/live/persist-config.conf. 
  Save new passwords
  Save new autosave selection

antiX Save Persistent Root

Checking for existing files and
Checking if there is enough room ... 

Performing rsync ... please be patient 
>> rsync

<< took 1 sec
persist-save succeeded

Mon Dec 26 23:28:20 JST 2022  /live/etc/init.d/live-disable-services
live-disable-services: Customizing services
  Disabling Virtual Box service
  Disabling NFS server (no exports)

Mon Dec 26 23:28:20 JST 2022  /live/etc/init.d/live-usb-storage
live-usb-storage: Configure Live-usb storage
  Enable live-usb storage at /root/Live-usb-storage
  Enable live-usb storage at /home/demo/Live-usb-storage

Mon Dec 26 23:28:34 JST 2022  /live/etc/init.d/live-restore-services
live-restore-services: restoring service links

Mon Dec 26 23:28:34 JST 2022  /live/etc/init.d/live-usb-save
live-usb-save: Restore state information

Mon Dec 26 23:34:31 JST 2022  /live/etc/init.d/live-usb-save
live-usb-save: Save state information
  Save machine specific state file /etc/adjtime
  Save machine specific state file /var/lib/alsa/asound.state

Mon Dec 26 23:34:31 JST 2022  /live/etc/init.d/persist-autosave
persist-autosave: Possibly save persistent information

antiX Save Persistent Root

Checking for existing files and
Checking if there is enough room ... 

Performing rsync ... please be patient 
>> rsync

Mon Dec 26 23:35:16 JST 2022  /live/etc/init.d/live-usb-save
live-usb-save: Restore state information
  Delete general state file /var/log/live/persist-save.log

Mon Dec 26 23:35:16 JST 2022  /live/etc/init.d/live-L10n
live-L10n: コンソールとタイムゾーンの地域化
  タイムゾーンと現地時間を Asia/Tokyo に設定
  ロケールを ja_JP.UTF-8 に設定

Mon Dec 26 23:35:17 JST 2022  /live/etc/init.d/live-init
live-init: Localizing/configuring X-Windows
  Load microcode
  Possibly adding swap partitions to fstab
  Localizing source repos using Asia/Tokyo
  Setting xkb-layout to jp
  Setting xkb-model to pc105
  Setting xkb-variant to 
  Setting xkb-options to grp:rctrl_rshift_toggle,terminate:ctrl_alt_bksp,grp_led:scroll
  CONSOLE KEYMAP: /etc/default/keyboard
  Scanning for hardware specific video modules ...
  Found KMS video module(s) i915
  Found default user demo

Mon Dec 26 23:35:20 JST 2022  /live/etc/init.d/persist-autosave

Mon Dec 26 23:35:20 JST 2022  /live/etc/init.d/live-disable-services
live-disable-services: Customizing services
  Disabling Virtual Box service
  Disabling NFS server (no exports)

Mon Dec 26 23:35:20 JST 2022  /live/etc/init.d/live-usb-storage
live-usb-storage: Configure Live-usb storage
  Enable live-usb storage at /root/Live-usb-storage
  Enable live-usb storage at /home/demo/Live-usb-storage

Mon Dec 26 23:35:31 JST 2022  /live/etc/init.d/live-restore-services
live-restore-services: restoring service links

Mon Dec 26 23:35:32 JST 2022  /live/etc/init.d/live-usb-save
live-usb-save: Restore state information

Mon Dec 26 23:56:15 JST 2022  /live/etc/init.d/live-usb-save
live-usb-save: Save state information

Mon Dec 26 23:56:16 JST 2022  /live/etc/init.d/persist-autosave
persist-autosave: Possibly save persistent information

antiX Save Persistent Root

Checking for existing files and
Checking if there is enough room ... 

Performing rsync ... please be patient 
>> rsync

Mon Dec 26 23:57:04 JST 2022  /live/etc/init.d/live-usb-save
live-usb-save: Restore state information
  Delete general state file /var/log/live/persist-save.log

Mon Dec 26 23:57:04 JST 2022  /live/etc/init.d/live-L10n
live-L10n: コンソールとタイムゾーンの地域化
  タイムゾーンと現地時間を Asia/Tokyo に設定
  ロケールを ja_JP.UTF-8 に設定

Mon Dec 26 23:57:04 JST 2022  /live/etc/init.d/live-init
live-init: Localizing/configuring X-Windows
  Load microcode
  Possibly adding swap partitions to fstab
  Localizing source repos using Asia/Tokyo
  Setting xkb-layout to jp
  Setting xkb-model to pc105
  Setting xkb-variant to 
  Setting xkb-options to grp:rctrl_rshift_toggle,terminate:ctrl_alt_bksp,grp_led:scroll
  CONSOLE KEYMAP: /etc/default/keyboard
  Scanning for hardware specific video modules ...
  Found KMS video module(s) i915
  Found default user demo

Mon Dec 26 23:57:08 JST 2022  /live/etc/init.d/persist-autosave

Mon Dec 26 23:57:08 JST 2022  /live/etc/init.d/live-disable-services
live-disable-services: Customizing services
  Disabling Virtual Box service
  Disabling NFS server (no exports)

Mon Dec 26 23:57:08 JST 2022  /live/etc/init.d/live-usb-storage
live-usb-storage: Configure Live-usb storage
  Enable live-usb storage at /root/Live-usb-storage
  Enable live-usb storage at /home/demo/Live-usb-storage

Mon Dec 26 23:57:20 JST 2022  /live/etc/init.d/live-restore-services
live-restore-services: restoring service links

Mon Dec 26 23:57:20 JST 2022  /live/etc/init.d/live-usb-save
live-usb-save: Restore state information

Tue Dec 27 00:01:35 JST 2022  /live/etc/init.d/live-usb-save
live-usb-save: Save state information
  Save general state file /root/.bash_history

Tue Dec 27 00:01:35 JST 2022  /live/etc/init.d/persist-autosave
persist-autosave: Possibly save persistent information

antiX Save Persistent Root

Checking for existing files and
Checking if there is enough room ... 

Performing rsync ... please be patient 
>> rsync

Tue Dec 27 00:02:37 JST 2022  /live/etc/init.d/live-usb-save
live-usb-save: Restore state information
  Reset file /etc/adjtime
  Delete general state file /var/log/live/persist-save.log

Tue Dec 27 00:02:37 JST 2022  /live/etc/init.d/live-L10n
live-L10n: コンソールとタイムゾーンの地域化
  タイムゾーンと現地時間を Asia/Tokyo に設定
  ロケールを ja_JP.UTF-8 に設定

Tue Dec 27 00:02:38 JST 2022  /live/etc/init.d/live-init
live-init: Localizing/configuring X-Windows
  Load microcode
  Possibly adding swap partitions to fstab
  Localizing source repos using Asia/Tokyo
  Setting xkb-layout to jp
  Setting xkb-model to pc105
  Setting xkb-variant to 
  Setting xkb-options to grp:rctrl_rshift_toggle,terminate:ctrl_alt_bksp,grp_led:scroll
  CONSOLE KEYMAP: /etc/default/keyboard
  Scanning for hardware specific video modules ...
  Found KMS video module(s) i915
  Found default user demo

Tue Dec 27 00:02:40 JST 2022  /live/etc/init.d/persist-autosave

Tue Dec 27 00:02:40 JST 2022  /live/etc/init.d/live-disable-services
live-disable-services: Customizing services
  Disabling Virtual Box service
  Disabling NFS server (no exports)

Tue Dec 27 00:02:41 JST 2022  /live/etc/init.d/live-usb-storage
live-usb-storage: Configure Live-usb storage
  Enable live-usb storage at /root/Live-usb-storage
  Enable live-usb storage at /home/demo/Live-usb-storage

Tue Dec 27 00:02:53 JST 2022  /live/etc/init.d/live-restore-services
live-restore-services: restoring service links

Tue Dec 27 00:02:53 JST 2022  /live/etc/init.d/live-usb-save
live-usb-save: Restore state information

Tue Dec 27 00:04:43 JST 2022  /live/etc/init.d/live-usb-save
live-usb-save: Save state information
  Save machine specific state file /etc/adjtime

Tue Dec 27 00:04:43 JST 2022  /live/etc/init.d/persist-autosave
persist-autosave: Possibly save persistent information

antiX Save Persistent Root

Checking for existing files and
Checking if there is enough room ... 

Performing rsync ... please be patient 
>> rsync

Tue Dec 27 00:05:11 JST 2022  /live/etc/init.d/live-usb-save
live-usb-save: Restore state information
  Delete general state file /var/log/live/persist-save.log

Tue Dec 27 00:05:11 JST 2022  /live/etc/init.d/live-L10n
live-L10n: コンソールとタイムゾーンの地域化
  タイムゾーンと現地時間を Asia/Tokyo に設定
  ロケールを ja_JP.UTF-8 に設定

Tue Dec 27 00:05:12 JST 2022  /live/etc/init.d/live-init
live-init: Localizing/configuring X-Windows
  Load microcode
  Possibly adding swap partitions to fstab
  Localizing source repos using Asia/Tokyo
  Setting xkb-layout to jp
  Setting xkb-model to pc105
  Setting xkb-variant to 
  Setting xkb-options to grp:rctrl_rshift_toggle,terminate:ctrl_alt_bksp,grp_led:scroll
  CONSOLE KEYMAP: /etc/default/keyboard
  Scanning for hardware specific video modules ...
  Found KMS video module(s) i915
  Found default user demo

Tue Dec 27 00:05:14 JST 2022  /live/etc/init.d/persist-autosave

Tue Dec 27 00:05:14 JST 2022  /live/etc/init.d/live-disable-services
live-disable-services: Customizing services
  Disabling Virtual Box service
  Disabling NFS server (no exports)

Tue Dec 27 00:05:15 JST 2022  /live/etc/init.d/live-usb-storage
live-usb-storage: Configure Live-usb storage
  Enable live-usb storage at /root/Live-usb-storage
  Enable live-usb storage at /home/demo/Live-usb-storage

Tue Dec 27 00:05:27 JST 2022  /live/etc/init.d/live-restore-services
live-restore-services: restoring service links

Tue Dec 27 00:05:27 JST 2022  /live/etc/init.d/live-usb-save
live-usb-save: Restore state information

Tue Dec 27 00:07:26 JST 2022  /live/etc/init.d/live-usb-save
live-usb-save: Save state information

Tue Dec 27 00:07:26 JST 2022  /live/etc/init.d/persist-autosave
persist-autosave: Possibly save persistent information

antiX Save Persistent Root

Checking for existing files and
Checking if there is enough room ... 

Performing rsync ... please be patient 
>> rsync

Tue Dec 27 00:08:49 JST 2022  /live/etc/init.d/live-usb-save
live-usb-save: Restore state information
  Restore machine specific state file /var/lib/alsa/asound.state
  Delete general state file /var/log/live/persist-save.log

Tue Dec 27 00:08:49 JST 2022  /live/etc/init.d/live-L10n
live-L10n: コンソールとタイムゾーンの地域化
  タイムゾーンと現地時間を Asia/Tokyo に設定
  ロケールを ja_JP.UTF-8 に設定

Tue Dec 27 00:08:49 JST 2022  /live/etc/init.d/live-init
live-init: Localizing/configuring X-Windows
  Load microcode
  Possibly adding swap partitions to fstab
  Localizing source repos using Asia/Tokyo
  Setting xkb-layout to jp
  Setting xkb-model to pc105
  Setting xkb-variant to 
  Setting xkb-options to grp:rctrl_rshift_toggle,terminate:ctrl_alt_bksp,grp_led:scroll
  CONSOLE KEYMAP: /etc/default/keyboard
  Scanning for hardware specific video modules ...
  Found KMS video module(s) i915
  Found default user demo

Tue Dec 27 00:08:52 JST 2022  /live/etc/init.d/persist-autosave

Tue Dec 27 00:08:52 JST 2022  /live/etc/init.d/live-disable-services
live-disable-services: Customizing services
  Disabling Virtual Box service
  Disabling NFS server (no exports)
